<?xml version="1.0" encoding="UTF-8"?>
<testng-results ignored="0" total="1" passed="1" failed="0" skipped="0">
  <reporter-output>
  </reporter-output>
  <suite started-at="2023-12-10T03:55:18 PST" name="Default suite" finished-at="2023-12-10T03:55:18 PST" duration-ms="65">
    <groups>
    </groups>
    <test started-at="2023-12-10T03:55:18 PST" name="Default test" finished-at="2023-12-10T03:55:18 PST" duration-ms="65">
      <class name="qsp.Demo">
        <test-method signature="demo()[pri:0, instance:qsp.Demo@14555e0a]" started-at="2023-12-10T03:55:18 PST" name="demo" finished-at="2023-12-10T03:55:18 PST" duration-ms="10" status="PASS">
          <reporter-output>
          </reporter-output>
        </test-method> <!-- demo -->
      </class> <!-- qsp.Demo -->
    </test> <!-- Default test -->
  </suite> <!-- Default suite -->
</testng-results>
